<?xml version="1.0" encoding="UTF-8"?>
<testng-results skipped="1" failed="0" total="1" passed="0">
  <reporter-output>
  </reporter-output>
  <suite name="Default suite" duration-ms="32" started-at="2016-08-26T18:37:07Z" finished-at="2016-08-26T18:37:07Z">
    <groups>
    </groups>
    <test name="Default test" duration-ms="32" started-at="2016-08-26T18:37:07Z" finished-at="2016-08-26T18:37:07Z">
      <class name="search.SearchContent">
        <test-method status="FAIL" signature="setUp(java.lang.String)[pri:0, instance:search.SearchContent@5c3bd550]" name="setUp" is-config="true" duration-ms="0" started-at="2016-08-26T14:37:07Z" finished-at="2016-08-26T14:37:07Z">
          <exception class="org.testng.TestNGException">
            <message>
              <![CDATA[
Parameter 'url' is required by @Configuration on method setUp but has not been marked @Optional or defined
in C:\Users\asus\AppData\Local\Temp\testng-eclipse-636584301\testng-customsuite.xml]]>
            </message>
            <full-stacktrace>
              <![CDATA[org.testng.TestNGException: 
Parameter 'url' is required by @Configuration on method setUp but has not been marked @Optional or defined
in C:\Users\asus\AppData\Local\Temp\testng-eclipse-636584301\testng-customsuite.xml
	at org.testng.internal.Parameters.createParameters(Parameters.java:154)
	at org.testng.internal.Parameters.createParameters(Parameters.java:361)
	at org.testng.internal.Parameters.createConfigurationParameters(Parameters.java:84)
	at org.testng.internal.Invoker.invokeConfigurations(Invoker.java:201)
	at org.testng.internal.Invoker.invokeMethod(Invoker.java:589)
	at org.testng.internal.Invoker.invokeTestMethod(Invoker.java:820)
	at org.testng.internal.Invoker.invokeTestMethods(Invoker.java:1128)
	at org.testng.internal.TestMethodWorker.invokeTestMethods(TestMethodWorker.java:129)
	at org.testng.internal.TestMethodWorker.run(TestMethodWorker.java:112)
	at org.testng.TestRunner.privateRun(TestRunner.java:782)
	at org.testng.TestRunner.run(TestRunner.java:632)
	at org.testng.SuiteRunner.runTest(SuiteRunner.java:366)
	at org.testng.SuiteRunner.runSequentially(SuiteRunner.java:361)
	at org.testng.SuiteRunner.privateRun(SuiteRunner.java:319)
	at org.testng.SuiteRunner.run(SuiteRunner.java:268)
	at org.testng.SuiteRunnerWorker.runSuite(SuiteRunnerWorker.java:52)
	at org.testng.SuiteRunnerWorker.run(SuiteRunnerWorker.java:86)
	at org.testng.TestNG.runSuitesSequentially(TestNG.java:1244)
	at org.testng.TestNG.runSuitesLocally(TestNG.java:1169)
	at org.testng.TestNG.run(TestNG.java:1064)
	at org.testng.remote.AbstractRemoteTestNG.run(AbstractRemoteTestNG.java:126)
	at org.testng.remote.RemoteTestNG.initAndRun(RemoteTestNG.java:152)
	at org.testng.remote.RemoteTestNG.main(RemoteTestNG.java:57)
]]>
            </full-stacktrace>
          </exception> <!-- org.testng.TestNGException -->
          <reporter-output>
          </reporter-output>
        </test-method> <!-- setUp -->
        <test-method status="SKIP" signature="searchNews()[pri:0, instance:search.SearchContent@5c3bd550]" name="searchNews" duration-ms="5" started-at="2016-08-26T14:37:07Z" finished-at="2016-08-26T14:37:07Z">
          <reporter-output>
          </reporter-output>
        </test-method> <!-- searchNews -->
        <test-method status="SKIP" signature="cleanUp()[pri:0, instance:search.SearchContent@5c3bd550]" name="cleanUp" is-config="true" duration-ms="0" started-at="2016-08-26T14:37:07Z" finished-at="2016-08-26T14:37:07Z">
          <reporter-output>
          </reporter-output>
        </test-method> <!-- cleanUp -->
      </class> <!-- search.SearchContent -->
    </test> <!-- Default test -->
  </suite> <!-- Default suite -->
</testng-results>
